<?xml version="1.0" encoding="UTF-8"?>
<!-- Generated by org.testng.reporters.JUnitReportReporter -->
<testsuite hostname="DESKTOP-GK61F68" name="com.RMG.GitAPI.OAuth2Test" tests="1" failures="0" timestamp="8 Dec 2020 10:46:09 GMT" time="5.931" errors="0">
  <testcase name="oAuthTest" time="5.931" classname="com.RMG.GitAPI.OAuth2Test"/>
</testsuite> <!-- com.RMG.GitAPI.OAuth2Test -->
