<?xml version="1.0" encoding="UTF-8"?>
<!-- Generated by org.testng.reporters.JUnitReportReporter -->
<testsuite hostname="DESKTOP-GK61F68" name="com.RMG.test.RequestChaining" tests="1" failures="0" timestamp="8 Dec 2020 06:53:12 GMT" time="3.389" errors="0">
  <testcase name="requestChainingTest" time="3.389" classname="com.RMG.test.RequestChaining"/>
</testsuite> <!-- com.RMG.test.RequestChaining -->
