<?xml version="1.0" encoding="UTF-8"?>
<!-- Generated by org.testng.reporters.JUnitReportReporter -->
<testsuite hostname="DESKTOP-GK61F68" name="com.RMG.Base.DataBaseLib" tests="1" failures="0" timestamp="8 Dec 2020 13:12:39 GMT" time="0.406" errors="0">
  <testcase name="databaseTest" time="0.406" classname="com.RMG.Base.DataBaseLib"/>
</testsuite> <!-- com.RMG.Base.DataBaseLib -->
