<?xml version="1.0" encoding="UTF-8"?>
<!-- Generated by org.testng.reporters.JUnitReportReporter -->
<testsuite skipped="0" hostname="DESKTOP-GK61F68" name="com.RMGYantra.test.AddprojectWithOnGoingStatus" tests="1" failures="0" timestamp="2020-12-09T14:41:57 IST" time="4.728" errors="0">
  <testcase name="addProjectWithOnGoingStatusTest" time="4.728" classname="com.RMGYantra.test.AddprojectWithOnGoingStatus"/>
  <system-out/>
</testsuite> <!-- com.RMGYantra.test.AddprojectWithOnGoingStatus -->
