<?xml version="1.0" encoding="UTF-8"?>
<!-- Generated by org.testng.reporters.JUnitReportReporter -->
<testsuite hostname="DESKTOP-GK61F68" name="com.RMG.test.GetAllProject" tests="1" failures="0" timestamp="8 Dec 2020 04:27:21 GMT" time="3.545" errors="0">
  <testcase name="getAllProjectTest" time="3.545" classname="com.RMG.test.GetAllProject"/>
</testsuite> <!-- com.RMG.test.GetAllProject -->
