<?xml version="1.0" encoding="UTF-8"?>
<!-- Generated by org.testng.reporters.JUnitReportReporter -->
<testsuite hostname="DESKTOP-GK61F68" name="com.RMG.test.CreateProjectUsingJsonFile" tests="1" failures="0" timestamp="8 Dec 2020 07:44:43 GMT" time="3.610" errors="0">
  <testcase name="createProjectTest" time="3.610" classname="com.RMG.test.CreateProjectUsingJsonFile"/>
</testsuite> <!-- com.RMG.test.CreateProjectUsingJsonFile -->
