<?xml version="1.0" encoding="UTF-8"?>
<!-- Generated by org.testng.reporters.JUnitReportReporter -->
<testsuite hostname="DESKTOP-GK61F68" name="com.RMG.test.UpdateProject" tests="1" failures="0" timestamp="8 Dec 2020 05:16:06 GMT" time="3.701" errors="0">
  <testcase name="updateProjectTest" time="3.701" classname="com.RMG.test.UpdateProject"/>
</testsuite> <!-- com.RMG.test.UpdateProject -->
