<?xml version="1.0" encoding="UTF-8"?>
<!-- Generated by org.testng.reporters.JUnitReportReporter -->
<testsuite skipped="0" hostname="DESKTOP-GK61F68" name="com.RMG.test.CreateProjectWithPojo" tests="1" failures="0" timestamp="2020-12-09T13:22:14 IST" time="2.560" errors="0">
  <testcase name="createProjectTest" time="2.560" classname="com.RMG.test.CreateProjectWithPojo"/>
  <system-out/>
</testsuite> <!-- com.RMG.test.CreateProjectWithPojo -->
