<?xml version="1.0" encoding="UTF-8"?>
<!-- Generated by org.testng.reporters.JUnitReportReporter -->
<testsuite hostname="DESKTOP-GK61F68" name="com.RMG.test.GetSingleProject" tests="1" failures="0" timestamp="8 Dec 2020 04:58:02 GMT" time="3.074" errors="0">
  <testcase name="getSingleProjectTest" time="3.074" classname="com.RMG.test.GetSingleProject"/>
</testsuite> <!-- com.RMG.test.GetSingleProject -->
