<?xml version="1.0" encoding="UTF-8"?>
<!-- Generated by org.testng.reporters.JUnitReportReporter -->
<testsuite skipped="0" hostname="DESKTOP-GK61F68" name="com.RMG.test.CreateProject" tests="1" failures="0" timestamp="2020-12-09T11:26:27 IST" time="5.411" errors="0">
  <testcase name="createProjectTest" time="5.411" classname="com.RMG.test.CreateProject"/>
  <system-out/>
</testsuite> <!-- com.RMG.test.CreateProject -->
