<?xml version="1.0" encoding="UTF-8"?>
<!-- Generated by org.testng.reporters.JUnitReportReporter -->
<testsuite skipped="0" hostname="DESKTOP-GK61F68" name="com.RMGYantra.test.AddSingleProjectWithCreated" tests="1" failures="0" timestamp="2020-12-09T15:37:49 IST" time="4.741" errors="0">
  <testcase name="addSingleProjectWithCreatedTest" time="4.741" classname="com.RMGYantra.test.AddSingleProjectWithCreated"/>
  <system-out/>
</testsuite> <!-- com.RMGYantra.test.AddSingleProjectWithCreated -->
