<?xml version="1.0" encoding="UTF-8"?>
<!-- Generated by org.testng.reporters.JUnitReportReporter -->
<testsuite hostname="DESKTOP-GK61F68" name="com.RMG.Base.JsonDesirialize" tests="1" failures="0" timestamp="8 Dec 2020 07:27:17 GMT" time="0.525" errors="0">
  <testcase name="sample" time="0.525" classname="com.RMG.Base.JsonDesirialize"/>
</testsuite> <!-- com.RMG.Base.JsonDesirialize -->
