<?xml version="1.0" encoding="UTF-8"?>
<!-- Generated by org.testng.reporters.JUnitReportReporter -->
<testsuite hostname="DESKTOP-GK61F68" name="com.RMG.GitAPI.GitApiTest" tests="1" failures="0" timestamp="8 Dec 2020 13:23:00 GMT" time="3.646" errors="0">
  <testcase name="authenticationTest" time="3.646" classname="com.RMG.GitAPI.GitApiTest"/>
</testsuite> <!-- com.RMG.GitAPI.GitApiTest -->
