<?xml version="1.0" encoding="UTF-8"?>
<!-- Generated by org.testng.reporters.JUnitReportReporter -->
<testsuite hostname="DESKTOP-GK61F68" name="com.RMG.Base.JsonSerialization" tests="1" failures="0" timestamp="8 Dec 2020 07:23:07 GMT" time="0.476" errors="0">
  <testcase name="sample" time="0.476" classname="com.RMG.Base.JsonSerialization"/>
</testsuite> <!-- com.RMG.Base.JsonSerialization -->
