<?xml version="1.0" encoding="UTF-8"?>
<!-- Generated by org.testng.reporters.JUnitReportReporter -->
<testsuite hostname="DESKTOP-GK61F68" name="com.RMG.test.DeleteProject" tests="1" failures="0" timestamp="8 Dec 2020 05:41:52 GMT" time="3.275" errors="0">
  <testcase name="deleteProjectTest" time="3.275" classname="com.RMG.test.DeleteProject"/>
</testsuite> <!-- com.RMG.test.DeleteProject -->
